TN:
SF:/volume/contracts/alliance-nft-collection/src/contract/execute.rs
FN:34,execute
FN:65,try_alliance_claim_rewards
FN:74,{closure#0}
FN:78,{closure#1}
FN:101,get_stake_reward_callback_msg
FN:109,try_stake_reward_callback
FN:157,try_update_reward_callback
FN:190,{closure#0}
FN:203,try_alliance_delegate
FN:242,try_alliance_undelegate
FN:278,try_alliance_redelegate
FN:318,try_breaknft
FN:333,{closure#0}
FN:352,{closure#1}
FN:401,try_mint
FN:408,{closure#0}
FN:423,try_change_owner
FN:432,{closure#0}
FN:442,try_update_config
FN:479,authorize_execution
FNF:20
FNDA:9,execute
FNDA:1,try_alliance_claim_rewards
FNDA:0,{closure#0}
FNDA:2,{closure#1}
FNDA:2,get_stake_reward_callback_msg
FNDA:1,try_stake_reward_callback
FNDA:1,try_update_reward_callback
FNDA:3,{closure#0}
FNDA:0,try_alliance_delegate
FNDA:0,try_alliance_undelegate
FNDA:0,try_alliance_redelegate
FNDA:2,try_breaknft
FNDA:2,{closure#0}
FNDA:8,{closure#1}
FNDA:8,try_mint
FNDA:24,{closure#0}
FNDA:0,try_change_owner
FNDA:0,{closure#0}
FNDA:1,try_update_config
FNDA:1,authorize_execution
DA:34,9
DA:40,9
DA:41,9
DA:42,0
DA:43,0
DA:44,0
DA:46,0
DA:47,0
DA:49,2
DA:51,2
DA:52,1
DA:53,2
DA:56,3
DA:57,9
DA:58,0
DA:59,2
DA:61,0
DA:65,1
DA:66,2
DA:67,2
DA:68,1
DA:69,0
DA:72,2
DA:73,1
DA:74,0
DA:76,5
DA:78,2
DA:79,0
DA:80,0
DA:81,0
DA:82,0
DA:84,0
DA:85,0
DA:86,0
DA:89,0
DA:93,4
DA:95,8
DA:96,4
DA:97,2
DA:98,2
DA:101,2
DA:102,2
DA:103,2
DA:104,2
DA:105,2
DA:109,1
DA:114,3
DA:115,1
DA:118,2
DA:119,2
DA:121,1
DA:122,4
DA:123,1
DA:124,1
DA:129,2
DA:131,2
DA:134,2
DA:136,1
DA:138,2
DA:139,1
DA:140,3
DA:141,2
DA:145,1
DA:148,4
DA:149,5
DA:150,2
DA:151,5
DA:153,2
DA:154,2
DA:157,1
DA:163,3
DA:164,1
DA:166,1
DA:168,1
DA:169,2
DA:172,1
DA:173,1
DA:174,2
DA:175,2
DA:176,1
DA:177,1
DA:178,1
DA:179,4
DA:181,1
DA:182,1
DA:184,1
DA:188,3
DA:189,3
DA:190,3
DA:191,1
DA:194,5
DA:195,3
DA:196,1
DA:197,2
DA:199,2
DA:200,2
DA:203,0
DA:209,0
DA:210,0
DA:212,0
DA:214,0
DA:216,0
DA:217,0
DA:230,0
DA:231,0
DA:234,0
DA:235,0
DA:237,0
DA:239,0
DA:242,0
DA:248,0
DA:249,0
DA:251,0
DA:252,0
DA:254,0
DA:255,0
DA:257,0
DA:261,0
DA:262,0
DA:265,0
DA:266,0
DA:268,0
DA:269,0
DA:271,0
DA:272,0
DA:273,0
DA:274,0
DA:275,0
DA:278,0
DA:284,0
DA:285,0
DA:287,0
DA:288,0
DA:290,0
DA:291,0
DA:292,0
DA:293,0
DA:295,0
DA:299,0
DA:300,0
DA:301,0
DA:304,0
DA:305,0
DA:307,0
DA:308,0
DA:309,0
DA:311,0
DA:312,0
DA:313,0
DA:314,0
DA:315,0
DA:318,2
DA:325,4
DA:326,4
DA:327,4
DA:328,5
DA:330,4
DA:331,1
DA:332,1
DA:333,2
DA:334,2
DA:335,1
DA:336,2
DA:337,1
DA:339,0
DA:342,2
DA:347,4
DA:348,4
DA:349,4
DA:351,2
DA:352,8
DA:353,4
DA:354,12
DA:355,2
DA:356,4
DA:357,4
DA:361,3
DA:364,1
DA:365,2
DA:369,1
DA:370,2
DA:372,1
DA:373,2
DA:375,2
DA:376,1
DA:377,1
DA:379,2
DA:380,1
DA:381,1
DA:382,3
DA:383,1
DA:384,1
DA:389,5
DA:390,1
DA:391,2
DA:392,3
DA:393,1
DA:394,2
DA:395,2
DA:396,2
DA:401,8
DA:408,24
DA:409,8
DA:410,8
DA:411,8
DA:414,1
DA:415,1
DA:416,7
DA:417,1
DA:418,7
DA:423,0
DA:428,0
DA:429,0
DA:430,0
DA:432,0
DA:433,0
DA:434,0
DA:436,0
DA:437,0
DA:438,0
DA:442,1
DA:447,2
DA:448,4
DA:450,1
DA:451,2
DA:454,3
DA:455,3
DA:458,3
DA:459,3
DA:461,1
DA:462,1
DA:465,2
DA:466,4
DA:468,1
DA:469,1
DA:470,1
DA:471,1
DA:474,2
DA:476,2
DA:479,1
DA:480,8
DA:481,3
DA:483,2
LF:243
LH:160
end_of_record
TN:
SF:/volume/contracts/alliance-nft-collection/src/contract/instantiate.rs
FN:33,instantiate
FN:79,reply_on_instantiate
FNF:2
FNDA:6,instantiate
FNDA:2,reply_on_instantiate
DA:33,6
DA:39,5
DA:40,0
DA:42,25
DA:43,9
DA:44,13
DA:45,1
DA:46,11
DA:48,12
DA:49,22
DA:50,13
DA:51,25
DA:52,13
DA:56,12
DA:57,23
DA:60,8
DA:61,12
DA:70,1
DA:71,12
DA:73,35
DA:74,1
DA:79,2
DA:84,6
DA:85,0
DA:86,3
DA:89,3
DA:90,3
DA:91,3
DA:97,3
DA:98,6
DA:103,3
DA:104,3
DA:123,3
DA:124,5
DA:127,6
DA:128,4
DA:129,2
LF:37
LH:35
end_of_record
TN:
SF:/volume/contracts/alliance-nft-collection/src/contract/migrate.rs
FN:15,migrate
FN:19,try_migrate
FN:40,migrate_to_1_1_0
FNF:3
FNDA:1,migrate
FNDA:1,try_migrate
FNDA:1,migrate_to_1_1_0
DA:15,1
DA:16,1
DA:19,1
DA:20,1
DA:21,2
DA:23,1
DA:24,2
DA:25,1
DA:28,2
DA:29,1
DA:30,2
DA:31,0
DA:35,3
DA:37,1
DA:40,1
DA:47,2
DA:49,1
DA:50,1
DA:51,2
DA:52,2
DA:53,2
DA:54,2
DA:55,1
DA:57,2
DA:63,2
DA:64,2
DA:65,2
DA:67,1
DA:70,2
DA:72,2
DA:74,1
DA:81,7
DA:83,1
DA:84,1
DA:85,1
DA:86,1
DA:87,1
LF:37
LH:36
end_of_record
TN:
SF:/volume/contracts/alliance-nft-collection/src/contract/query.rs
FN:13,query
FN:39,query_config
FN:45,query_rewards
FN:74,query_token_info
FN:108,query_nft_info
FN:120,query_all_nft_info
FN:149,humanize_approval
FNF:7
FNDA:1,query
FNDA:1,query_config
FNDA:1,query_rewards
FNDA:1,query_token_info
FNDA:1,query_nft_info
FNDA:0,query_all_nft_info
FNDA:0,humanize_approval
DA:13,1
DA:14,1
DA:15,1
DA:16,2
DA:17,1
DA:18,2
DA:20,0
DA:25,0
DA:26,0
DA:31,1
DA:32,2
DA:35,1
DA:39,1
DA:40,1
DA:42,1
DA:45,1
DA:46,2
DA:48,2
DA:49,2
DA:50,2
DA:52,1
DA:54,1
DA:56,1
DA:57,0
DA:58,2
DA:60,2
DA:61,1
DA:62,1
DA:63,0
DA:66,2
DA:67,1
DA:68,2
DA:71,1
DA:74,1
DA:79,2
DA:80,1
DA:81,1
DA:83,1
DA:84,2
DA:86,2
DA:87,2
DA:88,2
DA:89,1
DA:90,2
DA:93,1
DA:94,1
DA:95,1
DA:96,1
DA:97,1
DA:99,1
DA:100,1
DA:101,1
DA:102,1
DA:104,1
DA:105,1
DA:108,1
DA:113,1
DA:114,1
DA:115,1
DA:116,1
DA:120,0
DA:127,0
DA:128,0
DA:129,0
DA:130,0
DA:133,0
DA:137,0
DA:138,0
DA:139,0
DA:140,0
DA:142,0
DA:143,0
DA:144,0
DA:149,0
DA:151,0
DA:152,0
LF:76
LH:55
end_of_record
TN:
SF:/volume/contracts/alliance-nft-collection/src/contract/reply.rs
FN:10,reply
FNF:1
FNDA:1,reply
DA:10,1
DA:11,1
DA:12,4
DA:13,0
DA:15,0
DA:17,0
LF:6
LH:3
end_of_record
TN:
SF:/volume/contracts/alliance-nft-collection/src/state.rs
FN:11,upsert_val
FN:16,{closure#0}
FN:23,reduce_val_stake
FN:28,{closure#0}
FNF:4
FNDA:0,upsert_val
FNDA:0,{closure#0}
FNDA:0,reduce_val_stake
FNDA:0,{closure#0}
DA:11,0
DA:16,0
DA:17,0
DA:18,0
DA:20,0
DA:23,0
DA:28,0
DA:29,0
DA:30,0
DA:31,0
DA:33,0
DA:36,0
DA:38,0
LF:13
LH:0
end_of_record
TN:
SF:/volume/contracts/alliance-nft-minter/src/contract/execute.rs
FN:12,execute
FN:33,try_remove_token
FN:60,try_append_nft_metadata
FN:95,try_mint
FN:135,try_send_to_dao_treasury
FN:214,try_change_dao_treasury_address
FN:231,try_change_owner
FNF:7
FNDA:1,execute
FNDA:1,try_remove_token
FNDA:8,try_append_nft_metadata
FNDA:2,try_mint
FNDA:2,try_send_to_dao_treasury
FNDA:1,try_change_dao_treasury_address
FNDA:1,try_change_owner
DA:12,1
DA:18,4
DA:19,8
DA:20,9
DA:22,3
DA:23,2
DA:24,3
DA:25,1
DA:26,2
DA:28,2
DA:33,1
DA:38,2
DA:39,3
DA:41,2
DA:42,1
DA:43,2
DA:44,1
DA:45,1
DA:49,4
DA:50,1
DA:51,2
DA:60,8
DA:65,16
DA:66,17
DA:68,7
DA:69,12
DA:70,14
DA:71,1
DA:73,12
DA:74,7
DA:77,12
DA:78,6
DA:79,6
DA:82,19
DA:83,6
DA:84,8
DA:95,2
DA:96,4
DA:97,4
DA:99,1
DA:100,1
DA:101,0
DA:104,4
DA:105,2
DA:108,1
DA:109,2
DA:115,1
DA:118,2
DA:119,1
DA:120,2
DA:121,1
DA:124,3
DA:126,1
DA:135,2
DA:140,4
DA:141,5
DA:142,1
DA:143,1
DA:144,0
DA:146,1
DA:147,1
DA:148,0
DA:151,2
DA:152,1
DA:153,0
DA:155,2
DA:156,1
DA:159,1
DA:160,1
DA:161,1
DA:166,4
DA:167,1
DA:168,2
DA:169,1
DA:170,0
DA:172,2
DA:173,2
DA:175,1
DA:176,1
DA:177,1
DA:178,1
DA:179,1
DA:180,1
DA:181,1
DA:184,1
DA:187,1
DA:188,1
DA:190,1
DA:194,1
DA:195,1
DA:196,2
DA:197,4
DA:200,2
DA:201,2
DA:204,3
DA:205,1
DA:206,2
DA:207,1
DA:214,1
DA:219,2
DA:220,2
DA:222,3
DA:223,1
DA:224,1
DA:226,3
DA:228,1
DA:231,1
DA:236,2
DA:237,2
DA:238,1
DA:239,3
DA:240,2
DA:241,1
DA:243,1
DA:244,1
DA:245,0
DA:249,1
DA:250,2
DA:251,1
DA:254,4
DA:255,3
DA:256,1
DA:257,3
DA:259,1
LF:124
LH:118
end_of_record
TN:
SF:/volume/contracts/alliance-nft-minter/src/contract/instantiate.rs
FN:18,instantiate
FN:81,reply_on_instantiate
FN:87,{closure#0}
FN:94,{closure#2}
FNF:4
FNDA:15,instantiate
FNDA:7,reply_on_instantiate
FNDA:14,{closure#0}
FNDA:14,{closure#2}
DA:18,15
DA:24,15
DA:25,1
DA:28,11
DA:29,3
DA:30,14
DA:31,8
DA:33,0
DA:36,8
DA:37,0
DA:39,11
DA:41,18
DA:42,4
DA:43,9
DA:44,6
DA:45,4
DA:46,5
DA:47,9
DA:48,5
DA:54,13
DA:55,13
DA:56,26
DA:69,12
DA:70,12
DA:72,12
DA:74,39
DA:75,7
DA:76,16
DA:77,9
DA:78,9
DA:81,7
DA:82,7
DA:84,14
DA:87,14
DA:88,0
DA:91,14
DA:94,14
DA:95,0
DA:98,14
DA:99,33
DA:100,14
DA:101,1
DA:104,1
LF:43
LH:39
end_of_record
TN:
SF:/volume/contracts/alliance-nft-minter/src/contract/migrate.rs
FN:10,migrate
FN:14,try_migrate
FNF:2
FNDA:0,migrate
FNDA:0,try_migrate
DA:10,0
DA:11,0
DA:14,0
DA:15,0
DA:16,0
DA:17,0
DA:19,0
DA:21,0
DA:23,0
DA:24,0
DA:25,0
DA:26,0
DA:27,0
DA:29,0
DA:31,0
DA:35,0
LF:16
LH:0
end_of_record
TN:
SF:/volume/contracts/alliance-nft-minter/src/contract/query.rs
FN:9,query
FN:17,query_config
FN:23,query_stats
FN:29,query_nft_data
FNF:4
FNDA:1,query
FNDA:1,query_config
FNDA:1,query_stats
FNDA:0,query_nft_data
DA:9,1
DA:10,1
DA:11,2
DA:12,2
DA:13,0
DA:17,1
DA:18,1
DA:20,1
DA:23,1
DA:24,1
DA:26,1
DA:29,0
DA:30,0
DA:32,0
LF:14
LH:10
end_of_record
TN:
SF:/volume/contracts/alliance-nft-minter/src/contract/reply.rs
FN:9,reply
FNF:1
FNDA:13,reply
DA:9,13
DA:10,1
DA:11,20
DA:12,0
LF:4
LH:3
end_of_record
TN:
SF:/volume/packages/alliance-nft-packages/src/eris.rs
FN:11,validate_dao_treasury_share
FN:19,validate_whitelisted_assets
FN:47,dedupe_assetinfos
FN:113,with_balance
FNF:4
FNDA:12,validate_dao_treasury_share
FNDA:1,validate_whitelisted_assets
FNDA:1,dedupe_assetinfos
FNDA:1,with_balance
DA:11,12
DA:12,24
DA:13,1
DA:15,1
DA:19,1
DA:24,4
DA:26,4
DA:27,2
DA:28,1
DA:29,1
DA:33,4
DA:34,2
DA:35,0
DA:37,4
DA:38,1
DA:41,2
DA:47,1
DA:48,1
DA:50,3
DA:87,1
DA:93,2
DA:94,1
DA:95,2
DA:96,2
DA:100,1
DA:101,1
DA:103,1
DA:113,1
DA:114,1
DA:115,0
DA:116,2
LF:31
LH:29
end_of_record
TN:
SF:/volume/packages/alliance-nft-packages/src/execute.rs
FN:89,from
FNF:1
FNDA:0,from
DA:89,0
DA:90,0
DA:91,0
DA:98,0
DA:107,0
DA:116,0
DA:119,0
DA:123,0
LF:8
LH:0
end_of_record
TN:
SF:/volume/packages/alliance-nft-packages/src/instantiate.rs
FN:20,from
FNF:1
FNDA:1,from
DA:20,1
DA:22,12
DA:23,1
DA:24,12
LF:4
LH:4
end_of_record
TN:
SF:/volume/packages/alliance-nft-packages/src/query.rs
FN:146,from
FNF:1
FNDA:1,from
DA:146,1
DA:147,1
DA:148,0
DA:155,0
DA:164,0
DA:171,0
DA:185,0
DA:192,0
DA:201,0
DA:205,0
LF:10
LH:2
end_of_record
TN:
SF:/volume/packages/alliance-nft-packages/src/state.rs
FNF:0
DA:76,0
DA:91,1
DA:92,2
DA:93,1
DA:95,2
DA:100,2
DA:101,2
DA:102,1
DA:103,1
DA:104,1
DA:105,1
DA:109,1
DA:113,2
DA:114,2
DA:115,1
DA:118,1
LF:16
LH:15
end_of_record
